# JRE version: OpenJDK Runtime Environment (11.0.12+7) (build 11.0.12+7-b1504.28-7817840)
# Java VM: OpenJDK 64-Bit Server VM (11.0.12+7-b1504.28-7817840, mixed mode, tiered, compressed oops, g1 gc, windows-amd64)
Heap:
 garbage-first heap   total 243712K, used 167066K [0x0000000080000000, 0x0000000100000000)
  region size 1024K, 2 young (2048K), 2 survivors (2048K)
 Metaspace       used 105411K, capacity 108003K, committed 108204K, reserved 1142784K
  class space    used 13810K, capacity 14772K, committed 14848K, reserved 1048576K
GC Heap History (20 events):
Event: 32.485 GC heap after
{Heap after GC invocations=38 (full 0):
 garbage-first heap   total 157696K, used 96644K [0x0000000080000000, 0x0000000100000000)
  region size 1024K, 5 young (5120K), 5 survivors (5120K)
 Metaspace       used 99369K, capacity 101717K, committed 101804K, reserved 1136640K
  class space    used 12836K, capacity 13745K, committed 13824K, reserved 1048576K
}
Event: 33.255 GC heap before
{Heap before GC invocations=39 (full 0):
 garbage-first heap   total 157696K, used 118148K [0x0000000080000000, 0x0000000100000000)
  region size 1024K, 19 young (19456K), 5 survivors (5120K)
 Metaspace       used 102059K, capacity 104444K, committed 104748K, reserved 1140736K
  class space    used 13210K, capacity 14124K, committed 14208K, reserved 1048576K
}
Event: 33.265 GC heap after
{Heap after GC invocations=40 (full 0):
 garbage-first heap   total 157696K, used 110521K [0x0000000080000000, 0x0000000100000000)
  region size 1024K, 5 young (5120K), 5 survivors (5120K)
 Metaspace       used 102059K, capacity 104444K, committed 104748K, reserved 1140736K
  class space    used 13210K, capacity 14124K, committed 14208K, reserved 1048576K
}
Event: 33.517 GC heap before
{Heap before GC invocations=40 (full 0):
 garbage-first heap   total 157696K, used 154553K [0x0000000080000000, 0x0000000100000000)
  region size 1024K, 27 young (27648K), 5 survivors (5120K)
 Metaspace       used 102299K, capacity 104676K, committed 104748K, reserved 1140736K
  class space    used 13235K, capacity 14158K, committed 14208K, reserved 1048576K
}
Event: 33.529 GC heap after
{Heap after GC invocations=41 (full 0):
 garbage-first heap   total 168960K, used 127777K [0x0000000080000000, 0x0000000100000000)
  region size 1024K, 4 young (4096K), 4 survivors (4096K)
 Metaspace       used 102299K, capacity 104676K, committed 104748K, reserved 1140736K
  class space    used 13235K, capacity 14158K, committed 14208K, reserved 1048576K
}
Event: 33.641 GC heap before
{Heap before GC invocations=42 (full 0):
 garbage-first heap   total 168960K, used 142113K [0x0000000080000000, 0x0000000100000000)
  region size 1024K, 18 young (18432K), 4 survivors (4096K)
 Metaspace       used 102328K, capacity 104740K, committed 105004K, reserved 1140736K
  class space    used 13237K, capacity 14158K, committed 14208K, reserved 1048576K
}
Event: 33.652 GC heap after
{Heap after GC invocations=43 (full 0):
 garbage-first heap   total 168960K, used 134144K [0x0000000080000000, 0x0000000100000000)
  region size 1024K, 3 young (3072K), 3 survivors (3072K)
 Metaspace       used 102328K, capacity 104740K, committed 105004K, reserved 1140736K
  class space    used 13237K, capacity 14158K, committed 14208K, reserved 1048576K
}
Event: 33.688 GC heap before
{Heap before GC invocations=43 (full 0):
 garbage-first heap   total 168960K, used 138240K [0x0000000080000000, 0x0000000100000000)
  region size 1024K, 8 young (8192K), 3 survivors (3072K)
 Metaspace       used 102328K, capacity 104740K, committed 105004K, reserved 1140736K
  class space    used 13237K, capacity 14158K, committed 14208K, reserved 1048576K
}
Event: 33.697 GC heap after
{Heap after GC invocations=44 (full 0):
 garbage-first heap   total 168960K, used 136328K [0x0000000080000000, 0x0000000100000000)
  region size 1024K, 2 young (2048K), 2 survivors (2048K)
 Metaspace       used 102328K, capacity 104740K, committed 105004K, reserved 1140736K
  class space    used 13237K, capacity 14158K, committed 14208K, reserved 1048576K
}
Event: 33.769 GC heap before
{Heap before GC invocations=44 (full 0):
 garbage-first heap   total 168960K, used 144520K [0x0000000080000000, 0x0000000100000000)
  region size 1024K, 8 young (8192K), 2 survivors (2048K)
 Metaspace       used 102329K, capacity 104740K, committed 105004K, reserved 1140736K
  class space    used 13237K, capacity 14158K, committed 14208K, reserved 1048576K
}
Event: 33.778 GC heap after
{Heap after GC invocations=45 (full 0):
 garbage-first heap   total 168960K, used 140878K [0x0000000080000000, 0x0000000100000000)
  region size 1024K, 1 young (1024K), 1 survivors (1024K)
 Metaspace       used 102329K, capacity 104740K, committed 105004K, reserved 1140736K
  class space    used 13237K, capacity 14158K, committed 14208K, reserved 1048576K
}
Event: 33.930 GC heap before
{Heap before GC invocations=45 (full 0):
 garbage-first heap   total 168960K, used 147022K [0x0000000080000000, 0x0000000100000000)
  region size 1024K, 8 young (8192K), 1 survivors (1024K)
 Metaspace       used 103254K, capacity 105663K, committed 105900K, reserved 1140736K
  class space    used 13400K, capacity 14319K, committed 14336K, reserved 1048576K
}
Event: 33.940 GC heap after
{Heap after GC invocations=46 (full 0):
 garbage-first heap   total 202752K, used 143137K [0x0000000080000000, 0x0000000100000000)
  region size 1024K, 1 young (1024K), 1 survivors (1024K)
 Metaspace       used 103254K, capacity 105663K, committed 105900K, reserved 1140736K
  class space    used 13400K, capacity 14319K, committed 14336K, reserved 1048576K
}
Event: 34.371 GC heap before
{Heap before GC invocations=47 (full 0):
 garbage-first heap   total 202752K, used 159521K [0x0000000080000000, 0x0000000100000000)
  region size 1024K, 17 young (17408K), 1 survivors (1024K)
 Metaspace       used 104971K, capacity 107457K, committed 107564K, reserved 1142784K
  class space    used 13740K, capacity 14679K, committed 14720K, reserved 1048576K
}
Event: 34.382 GC heap after
{Heap after GC invocations=48 (full 0):
 garbage-first heap   total 202752K, used 149818K [0x0000000080000000, 0x0000000100000000)
  region size 1024K, 3 young (3072K), 3 survivors (3072K)
 Metaspace       used 104971K, capacity 107457K, committed 107564K, reserved 1142784K
  class space    used 13740K, capacity 14679K, committed 14720K, reserved 1048576K
}
Event: 34.480 GC heap before
{Heap before GC invocations=48 (full 0):
 garbage-first heap   total 202752K, used 164154K [0x0000000080000000, 0x0000000100000000)
  region size 1024K, 17 young (17408K), 3 survivors (3072K)
 Metaspace       used 105278K, capacity 107761K, committed 107948K, reserved 1142784K
  class space    used 13783K, capacity 14732K, committed 14848K, reserved 1048576K
}
Event: 34.493 GC heap after
{Heap after GC invocations=49 (full 0):
 garbage-first heap   total 202752K, used 156672K [0x0000000080000000, 0x0000000100000000)
  region size 1024K, 3 young (3072K), 3 survivors (3072K)
 Metaspace       used 105278K, capacity 107761K, committed 107948K, reserved 1142784K
  class space    used 13783K, capacity 14732K, committed 14848K, reserved 1048576K
}
Event: 34.583 GC heap before
{Heap before GC invocations=49 (full 0):
 garbage-first heap   total 202752K, used 167936K [0x0000000080000000, 0x0000000100000000)
  region size 1024K, 14 young (14336K), 3 survivors (3072K)
 Metaspace       used 105361K, capacity 107917K, committed 108204K, reserved 1142784K
  class space    used 13801K, capacity 14764K, committed 14848K, reserved 1048576K
}
Event: 34.591 GC heap after
{Heap after GC invocations=50 (full 0):
 garbage-first heap   total 202752K, used 162660K [0x0000000080000000, 0x0000000100000000)
  region size 1024K, 2 young (2048K), 2 survivors (2048K)
 Metaspace       used 105361K, capacity 107917K, committed 108204K, reserved 1142784K
  class space    used 13801K, capacity 14764K, committed 14848K, reserved 1048576K
}
Event: 34.644 GC heap before
{Heap before GC invocations=50 (full 0):
 garbage-first heap   total 202752K, used 170852K [0x0000000080000000, 0x0000000100000000)
  region size 1024K, 10 young (10240K), 2 survivors (2048K)
 Metaspace       used 105411K, capacity 108003K, committed 108204K, reserved 1142784K
  class space    used 13810K, capacity 14772K, committed 14848K, reserved 1048576K
}

