# JRE version: OpenJDK Runtime Environment (11.0.12+7) (build 11.0.12+7-b1504.28-7817840)
# Java VM: OpenJDK 64-Bit Server VM (11.0.12+7-b1504.28-7817840, mixed mode, tiered, compressed oops, g1 gc, windows-amd64)
Heap:
 garbage-first heap   total 396288K, used 263857K [0x0000000080000000, 0x0000000100000000)
  region size 1024K, 2 young (2048K), 2 survivors (2048K)
 Metaspace       used 149290K, capacity 153636K, committed 154240K, reserved 1183744K
  class space    used 18579K, capacity 20131K, committed 20352K, reserved 1048576K
GC Heap History (20 events):
Event: 177.366 GC heap after
{Heap after GC invocations=151 (full 0):
 garbage-first heap   total 257024K, used 219992K [0x0000000080000000, 0x0000000100000000)
  region size 1024K, 2 young (2048K), 2 survivors (2048K)
 Metaspace       used 148613K, capacity 152943K, committed 153728K, reserved 1183744K
  class space    used 18517K, capacity 20075K, committed 20352K, reserved 1048576K
}
Event: 177.490 GC heap before
{Heap before GC invocations=151 (full 0):
 garbage-first heap   total 257024K, used 230232K [0x0000000080000000, 0x0000000100000000)
  region size 1024K, 12 young (12288K), 2 survivors (2048K)
 Metaspace       used 148614K, capacity 152943K, committed 153728K, reserved 1183744K
  class space    used 18517K, capacity 20075K, committed 20352K, reserved 1048576K
}
Event: 177.509 GC heap after
{Heap after GC invocations=152 (full 0):
 garbage-first heap   total 257024K, used 202752K [0x0000000080000000, 0x0000000100000000)
  region size 1024K, 2 young (2048K), 2 survivors (2048K)
 Metaspace       used 148614K, capacity 152943K, committed 153728K, reserved 1183744K
  class space    used 18517K, capacity 20075K, committed 20352K, reserved 1048576K
}
Event: 177.602 GC heap before
{Heap before GC invocations=152 (full 0):
 garbage-first heap   total 257024K, used 219136K [0x0000000080000000, 0x0000000100000000)
  region size 1024K, 16 young (16384K), 2 survivors (2048K)
 Metaspace       used 148704K, capacity 153007K, committed 153728K, reserved 1183744K
  class space    used 18531K, capacity 20075K, committed 20352K, reserved 1048576K
}
Event: 177.615 GC heap after
{Heap after GC invocations=153 (full 0):
 garbage-first heap   total 257024K, used 209779K [0x0000000080000000, 0x0000000100000000)
  region size 1024K, 2 young (2048K), 2 survivors (2048K)
 Metaspace       used 148704K, capacity 153007K, committed 153728K, reserved 1183744K
  class space    used 18531K, capacity 20075K, committed 20352K, reserved 1048576K
}
Event: 177.818 GC heap before
{Heap before GC invocations=153 (full 0):
 garbage-first heap   total 257024K, used 220019K [0x0000000080000000, 0x0000000100000000)
  region size 1024K, 12 young (12288K), 2 survivors (2048K)
 Metaspace       used 149076K, capacity 153428K, committed 153984K, reserved 1183744K
  class space    used 18569K, capacity 20131K, committed 20352K, reserved 1048576K
}
Event: 177.829 GC heap after
{Heap after GC invocations=154 (full 0):
 garbage-first heap   total 257024K, used 214620K [0x0000000080000000, 0x0000000100000000)
  region size 1024K, 2 young (2048K), 2 survivors (2048K)
 Metaspace       used 149076K, capacity 153428K, committed 153984K, reserved 1183744K
  class space    used 18569K, capacity 20131K, committed 20352K, reserved 1048576K
}
Event: 178.069 GC heap before
{Heap before GC invocations=154 (full 0):
 garbage-first heap   total 257024K, used 223836K [0x0000000080000000, 0x0000000100000000)
  region size 1024K, 12 young (12288K), 2 survivors (2048K)
 Metaspace       used 149104K, capacity 153429K, committed 153984K, reserved 1183744K
  class space    used 18569K, capacity 20131K, committed 20352K, reserved 1048576K
}
Event: 178.079 GC heap after
{Heap after GC invocations=155 (full 0):
 garbage-first heap   total 309248K, used 218875K [0x0000000080000000, 0x0000000100000000)
  region size 1024K, 2 young (2048K), 2 survivors (2048K)
 Metaspace       used 149104K, capacity 153429K, committed 153984K, reserved 1183744K
  class space    used 18569K, capacity 20131K, committed 20352K, reserved 1048576K
}
Event: 178.274 GC heap before
{Heap before GC invocations=155 (full 0):
 garbage-first heap   total 309248K, used 240379K [0x0000000080000000, 0x0000000100000000)
  region size 1024K, 24 young (24576K), 2 survivors (2048K)
 Metaspace       used 149161K, capacity 153501K, committed 154240K, reserved 1183744K
  class space    used 18569K, capacity 20131K, committed 20352K, reserved 1048576K
}
Event: 178.284 GC heap after
{Heap after GC invocations=156 (full 0):
 garbage-first heap   total 309248K, used 227268K [0x0000000080000000, 0x0000000100000000)
  region size 1024K, 3 young (3072K), 3 survivors (3072K)
 Metaspace       used 149161K, capacity 153501K, committed 154240K, reserved 1183744K
  class space    used 18569K, capacity 20131K, committed 20352K, reserved 1048576K
}
Event: 178.373 GC heap before
{Heap before GC invocations=156 (full 0):
 garbage-first heap   total 309248K, used 246724K [0x0000000080000000, 0x0000000100000000)
  region size 1024K, 23 young (23552K), 3 survivors (3072K)
 Metaspace       used 149172K, capacity 153503K, committed 154240K, reserved 1183744K
  class space    used 18569K, capacity 20131K, committed 20352K, reserved 1048576K
}
Event: 178.389 GC heap after
{Heap after GC invocations=157 (full 0):
 garbage-first heap   total 309248K, used 238339K [0x0000000080000000, 0x0000000100000000)
  region size 1024K, 3 young (3072K), 3 survivors (3072K)
 Metaspace       used 149172K, capacity 153503K, committed 154240K, reserved 1183744K
  class space    used 18569K, capacity 20131K, committed 20352K, reserved 1048576K
}
Event: 178.551 GC heap before
{Heap before GC invocations=157 (full 0):
 garbage-first heap   total 309248K, used 254723K [0x0000000080000000, 0x0000000100000000)
  region size 1024K, 19 young (19456K), 3 survivors (3072K)
 Metaspace       used 149174K, capacity 153503K, committed 154240K, reserved 1183744K
  class space    used 18569K, capacity 20131K, committed 20352K, reserved 1048576K
}
Event: 178.562 GC heap after
{Heap after GC invocations=158 (full 0):
 garbage-first heap   total 309248K, used 247239K [0x0000000080000000, 0x0000000100000000)
  region size 1024K, 3 young (3072K), 3 survivors (3072K)
 Metaspace       used 149174K, capacity 153503K, committed 154240K, reserved 1183744K
  class space    used 18569K, capacity 20131K, committed 20352K, reserved 1048576K
}
Event: 178.613 GC heap before
{Heap before GC invocations=158 (full 0):
 garbage-first heap   total 309248K, used 260551K [0x0000000080000000, 0x0000000100000000)
  region size 1024K, 16 young (16384K), 3 survivors (3072K)
 Metaspace       used 149175K, capacity 153503K, committed 154240K, reserved 1183744K
  class space    used 18570K, capacity 20131K, committed 20352K, reserved 1048576K
}
Event: 178.626 GC heap after
{Heap after GC invocations=159 (full 0):
 garbage-first heap   total 309248K, used 254771K [0x0000000080000000, 0x0000000100000000)
  region size 1024K, 2 young (2048K), 2 survivors (2048K)
 Metaspace       used 149175K, capacity 153503K, committed 154240K, reserved 1183744K
  class space    used 18570K, capacity 20131K, committed 20352K, reserved 1048576K
}
Event: 179.204 GC heap before
{Heap before GC invocations=159 (full 0):
 garbage-first heap   total 309248K, used 267059K [0x0000000080000000, 0x0000000100000000)
  region size 1024K, 15 young (15360K), 2 survivors (2048K)
 Metaspace       used 149300K, capacity 153658K, committed 154240K, reserved 1183744K
  class space    used 18584K, capacity 20140K, committed 20352K, reserved 1048576K
}
Event: 179.213 GC heap after
{Heap after GC invocations=160 (full 0):
 garbage-first heap   total 309248K, used 260474K [0x0000000080000000, 0x0000000100000000)
  region size 1024K, 2 young (2048K), 2 survivors (2048K)
 Metaspace       used 149300K, capacity 153658K, committed 154240K, reserved 1183744K
  class space    used 18584K, capacity 20140K, committed 20352K, reserved 1048576K
}
Event: 179.381 GC heap before
{Heap before GC invocations=160 (full 0):
 garbage-first heap   total 309248K, used 273786K [0x0000000080000000, 0x0000000100000000)
  region size 1024K, 15 young (15360K), 2 survivors (2048K)
 Metaspace       used 149290K, capacity 153636K, committed 154240K, reserved 1183744K
  class space    used 18579K, capacity 20131K, committed 20352K, reserved 1048576K
}

