# JRE version: OpenJDK Runtime Environment (11.0.12+7) (build 11.0.12+7-b1504.28-7817840)
# Java VM: OpenJDK 64-Bit Server VM (11.0.12+7-b1504.28-7817840, mixed mode, tiered, compressed oops, g1 gc, windows-amd64)
Heap:
 garbage-first heap   total 437248K, used 322560K [0x0000000080000000, 0x0000000100000000)
  region size 1024K, 53 young (54272K), 3 survivors (3072K)
 Metaspace       used 139005K, capacity 143383K, committed 144972K, reserved 1175552K
  class space    used 17620K, capacity 19193K, committed 19788K, reserved 1048576K
GC Heap History (20 events):
Event: 78.861 GC heap before
{Heap before GC invocations=114 (full 0):
 garbage-first heap   total 422912K, used 334206K [0x0000000080000000, 0x0000000100000000)
  region size 1024K, 128 young (131072K), 5 survivors (5120K)
 Metaspace       used 137386K, capacity 142093K, committed 142412K, reserved 1171456K
  class space    used 17677K, capacity 19417K, committed 19532K, reserved 1048576K
}
Event: 78.869 GC heap after
{Heap after GC invocations=115 (full 0):
 garbage-first heap   total 422912K, used 209022K [0x0000000080000000, 0x0000000100000000)
  region size 1024K, 6 young (6144K), 6 survivors (6144K)
 Metaspace       used 137386K, capacity 142093K, committed 142412K, reserved 1171456K
  class space    used 17677K, capacity 19417K, committed 19532K, reserved 1048576K
}
Event: 80.005 GC heap before
{Heap before GC invocations=115 (full 0):
 garbage-first heap   total 422912K, used 338046K [0x0000000080000000, 0x0000000100000000)
  region size 1024K, 132 young (135168K), 6 survivors (6144K)
 Metaspace       used 137421K, capacity 142158K, committed 142412K, reserved 1171456K
  class space    used 17680K, capacity 19417K, committed 19532K, reserved 1048576K
}
Event: 80.013 GC heap after
{Heap after GC invocations=116 (full 0):
 garbage-first heap   total 422912K, used 209754K [0x0000000080000000, 0x0000000100000000)
  region size 1024K, 7 young (7168K), 7 survivors (7168K)
 Metaspace       used 137421K, capacity 142158K, committed 142412K, reserved 1171456K
  class space    used 17680K, capacity 19417K, committed 19532K, reserved 1048576K
}
Event: 80.898 GC heap before
{Heap before GC invocations=116 (full 0):
 garbage-first heap   total 422912K, used 344922K [0x0000000080000000, 0x0000000100000000)
  region size 1024K, 139 young (142336K), 7 survivors (7168K)
 Metaspace       used 137432K, capacity 142161K, committed 142412K, reserved 1171456K
  class space    used 17680K, capacity 19417K, committed 19532K, reserved 1048576K
}
Event: 80.906 GC heap after
{Heap after GC invocations=117 (full 0):
 garbage-first heap   total 422912K, used 210177K [0x0000000080000000, 0x0000000100000000)
  region size 1024K, 7 young (7168K), 7 survivors (7168K)
 Metaspace       used 137432K, capacity 142161K, committed 142412K, reserved 1171456K
  class space    used 17680K, capacity 19417K, committed 19532K, reserved 1048576K
}
Event: 81.593 GC heap before
{Heap before GC invocations=117 (full 0):
 garbage-first heap   total 422912K, used 356609K [0x0000000080000000, 0x0000000100000000)
  region size 1024K, 150 young (153600K), 7 survivors (7168K)
 Metaspace       used 137438K, capacity 142162K, committed 142412K, reserved 1171456K
  class space    used 17681K, capacity 19417K, committed 19532K, reserved 1048576K
}
Event: 81.602 GC heap after
{Heap after GC invocations=118 (full 0):
 garbage-first heap   total 422912K, used 210346K [0x0000000080000000, 0x0000000100000000)
  region size 1024K, 7 young (7168K), 7 survivors (7168K)
 Metaspace       used 137438K, capacity 142162K, committed 142412K, reserved 1171456K
  class space    used 17681K, capacity 19417K, committed 19532K, reserved 1048576K
}
Event: 82.368 GC heap before
{Heap before GC invocations=118 (full 0):
 garbage-first heap   total 422912K, used 359850K [0x0000000080000000, 0x0000000100000000)
  region size 1024K, 153 young (156672K), 7 survivors (7168K)
 Metaspace       used 137446K, capacity 142162K, committed 142412K, reserved 1171456K
  class space    used 17681K, capacity 19417K, committed 19532K, reserved 1048576K
}
Event: 82.376 GC heap after
{Heap after GC invocations=119 (full 0):
 garbage-first heap   total 422912K, used 210810K [0x0000000080000000, 0x0000000100000000)
  region size 1024K, 8 young (8192K), 8 survivors (8192K)
 Metaspace       used 137446K, capacity 142162K, committed 142412K, reserved 1171456K
  class space    used 17681K, capacity 19417K, committed 19532K, reserved 1048576K
}
Event: 83.582 GC heap before
{Heap before GC invocations=119 (full 0):
 garbage-first heap   total 422912K, used 361338K [0x0000000080000000, 0x0000000100000000)
  region size 1024K, 155 young (158720K), 8 survivors (8192K)
 Metaspace       used 137460K, capacity 142163K, committed 142412K, reserved 1171456K
  class space    used 17681K, capacity 19417K, committed 19532K, reserved 1048576K
}
Event: 83.591 GC heap after
{Heap after GC invocations=120 (full 0):
 garbage-first heap   total 422912K, used 211320K [0x0000000080000000, 0x0000000100000000)
  region size 1024K, 8 young (8192K), 8 survivors (8192K)
 Metaspace       used 137460K, capacity 142163K, committed 142412K, reserved 1171456K
  class space    used 17681K, capacity 19417K, committed 19532K, reserved 1048576K
}
Event: 85.478 GC heap before
{Heap before GC invocations=120 (full 0):
 garbage-first heap   total 422912K, used 365944K [0x0000000080000000, 0x0000000100000000)
  region size 1024K, 159 young (162816K), 8 survivors (8192K)
 Metaspace       used 137477K, capacity 142228K, committed 142412K, reserved 1171456K
  class space    used 17681K, capacity 19417K, committed 19532K, reserved 1048576K
}
Event: 85.488 GC heap after
{Heap after GC invocations=121 (full 0):
 garbage-first heap   total 422912K, used 211681K [0x0000000080000000, 0x0000000100000000)
  region size 1024K, 8 young (8192K), 8 survivors (8192K)
 Metaspace       used 137477K, capacity 142228K, committed 142412K, reserved 1171456K
  class space    used 17681K, capacity 19417K, committed 19532K, reserved 1048576K
}
Event: 88.742 GC heap before
{Heap before GC invocations=121 (full 0):
 garbage-first heap   total 422912K, used 362209K [0x0000000080000000, 0x0000000100000000)
  region size 1024K, 131 young (134144K), 8 survivors (8192K)
 Metaspace       used 139153K, capacity 143989K, committed 144076K, reserved 1173504K
  class space    used 17845K, capacity 19620K, committed 19660K, reserved 1048576K
}
Event: 88.757 GC heap after
{Heap after GC invocations=122 (full 0):
 garbage-first heap   total 422912K, used 234399K [0x0000000080000000, 0x0000000100000000)
  region size 1024K, 15 young (15360K), 15 survivors (15360K)
 Metaspace       used 139153K, capacity 143989K, committed 144076K, reserved 1173504K
  class space    used 17845K, capacity 19620K, committed 19660K, reserved 1048576K
}
Event: 90.638 GC heap before
{Heap before GC invocations=123 (full 0):
 garbage-first heap   total 422912K, used 367519K [0x0000000080000000, 0x0000000100000000)
  region size 1024K, 140 young (143360K), 15 survivors (15360K)
 Metaspace       used 138848K, capacity 143166K, committed 144716K, reserved 1173504K
  class space    used 17602K, capacity 19164K, committed 19788K, reserved 1048576K
}
Event: 90.727 GC heap after
{Heap after GC invocations=124 (full 0):
 garbage-first heap   total 437248K, used 282363K [0x0000000080000000, 0x0000000100000000)
  region size 1024K, 18 young (18432K), 18 survivors (18432K)
 Metaspace       used 138848K, capacity 143166K, committed 144716K, reserved 1173504K
  class space    used 17602K, capacity 19164K, committed 19788K, reserved 1048576K
}
Event: 90.746 GC heap before
{Heap before GC invocations=124 (full 0):
 garbage-first heap   total 437248K, used 284411K [0x0000000080000000, 0x0000000100000000)
  region size 1024K, 21 young (21504K), 18 survivors (18432K)
 Metaspace       used 138848K, capacity 143166K, committed 144716K, reserved 1173504K
  class space    used 17602K, capacity 19164K, committed 19788K, reserved 1048576K
}
Event: 90.803 GC heap after
{Heap after GC invocations=125 (full 0):
 garbage-first heap   total 437248K, used 273408K [0x0000000080000000, 0x0000000100000000)
  region size 1024K, 3 young (3072K), 3 survivors (3072K)
 Metaspace       used 138848K, capacity 143166K, committed 144716K, reserved 1173504K
  class space    used 17602K, capacity 19164K, committed 19788K, reserved 1048576K
}

